2025-12-23 18:53:48 [info] GET / 200 13 - 4.330 ms {} 
2025-12-23 18:54:08 [info] GET / 200 13 - 1.067 ms {} 
2025-12-23 18:54:16 [info] GET / 200 13 - 1.093 ms {} 
2025-12-23 18:54:38 [info] GET /123 404 142 - 6.652 ms {} 
2025-12-23 18:57:05 [info] GET /?x=123 200 13 - 0.660 ms {} 
2025-12-23 18:57:25 [info] GET /?x=123 200 13 - 0.387 ms {"a":123} 
2025-12-23 18:58:03 [info] POST /?x=123 404 140 - 0.470 ms {"a":123} 
2025-12-23 19:00:46 [info] Root endpoint accessed 
2025-12-23 19:00:46 [warn] This is a warning message 
2025-12-23 19:00:46 [error] This is an error message 
2025-12-23 19:00:46 [info] GET / 200 13 - 10.274 ms {} 
2025-12-23 19:30:27 [info] GET /api/wxCaht 404 149 - 4.123 ms {} 
2025-12-23 19:30:42 [info] GET /api/wxCaht 404 149 - 2.098 ms {} 
2025-12-23 19:33:08 [info] GET /api/wxCaht 404 149 - 2.633 ms {} 
2025-12-23 19:35:47 [info] GET /api/wxCaht 404 149 - 2.613 ms {} 
2025-12-23 19:35:50 [info] GET /api/wxChat 200 15 - 3.449 ms {} 
2025-12-23 19:56:13 [info] GET /api/wxChat 200 5 - 4.031 ms {} 
2025-12-23 19:58:43 [info] POST /api/wxChat 200 16 - 1.409 ms {} 
2025-12-24 11:55:23 [error] Cannot read properties of undefined (reading 'toString') {"stack":"TypeError: Cannot read properties of undefined (reading 'toString')\n    at Parser.exports.Parser.Parser.parseString (/Users/zhengweipeng/Desktop/my/WxBot/node_modules/.pnpm/xml2js@0.6.2/node_modules/xml2js/lib/parser.js:326:19)\n    at Parser.parseString (/Users/zhengweipeng/Desktop/my/WxBot/node_modules/.pnpm/xml2js@0.6.2/node_modules/xml2js/lib/parser.js:5:59)\n    at Object.exports.parseString (/Users/zhengweipeng/Desktop/my/WxBot/node_modules/.pnpm/xml2js@0.6.2/node_modules/xml2js/lib/parser.js:383:19)\n    at file:///Users/zhengweipeng/Desktop/my/WxBot/utils/parseXML.ts:5:12\n    at new Promise (<anonymous>)\n    at parseXML (file:///Users/zhengweipeng/Desktop/my/WxBot/utils/parseXML.ts:4:10)\n    at chat (file:///Users/zhengweipeng/Desktop/my/WxBot/src/chat/chat.ts:6:22)\n    at Layer.handleRequest (/Users/zhengweipeng/Desktop/my/WxBot/node_modules/.pnpm/router@2.2.0/node_modules/router/lib/layer.js:152:17)\n    at next (/Users/zhengweipeng/Desktop/my/WxBot/node_modules/.pnpm/router@2.2.0/node_modules/router/lib/route.js:157:13)\n    at Route.dispatch (/Users/zhengweipeng/Desktop/my/WxBot/node_modules/.pnpm/router@2.2.0/node_modules/router/lib/route.js:117:3)","method":"POST","url":"/api/wxChat","ip":"::ffff:127.0.0.1"}
2025-12-24 11:55:23 [info] POST /api/wxChat 500 35 - 9.781 ms {} 
2025-12-24 11:55:44 [info] POST / 404 140 - 2.180 ms {} 
2025-12-24 19:08:43 [info] POST / 404 140 - 3.244 ms {} 
2025-12-24 19:08:58 [info] POST / 404 140 - 0.524 ms {} 
2025-12-24 19:09:04 [info] Root endpoint accessed 
2025-12-24 19:09:04 [warn] This is a warning message 
2025-12-24 19:09:04 [error] This is an error message 
2025-12-24 19:09:04 [info] GET / 200 13 - 3.349 ms {} 
2026-01-01 10:23:10 [info] POST /api/wxChat?signature=e95f661e1e9d6afd0367131eba9389f579507842&timestamp=1767234190&nonce=1894784155&openid=o0Hm96MBcSPPxXWnm8l3V5qxC2Pw 200 0 - 5.140 ms "<xml><ToUserName><![CDATA[gh_c351c9f92d4a]]></ToUserName>\n<FromUserName><![CDATA[o0Hm96MBcSPPxXWnm8l3V5qxC2Pw]]></FromUserName>\n<CreateTime>1767234189</CreateTime>\n<MsgType><![CDATA[text]]></MsgType>\n<Content><![CDATA[1]]></Content>\n<MsgId>25300707793558252</MsgId>\n</xml>" 
2026-01-01 10:23:44 [info] POST /api/wxChat?signature=fe9a6ba40a0e55831e99be262656ec7986a20121&timestamp=1767234224&nonce=1601829578&openid=o0Hm96MBcSPPxXWnm8l3V5qxC2Pw 200 0 - 7.773 ms "<xml><ToUserName><![CDATA[gh_c351c9f92d4a]]></ToUserName>\n<FromUserName><![CDATA[o0Hm96MBcSPPxXWnm8l3V5qxC2Pw]]></FromUserName>\n<CreateTime>1767234223</CreateTime>\n<MsgType><![CDATA[text]]></MsgType>\n<Content><![CDATA[2]]></Content>\n<MsgId>25300707941688548</MsgId>\n</xml>" 
2026-01-01 10:24:53 [info] POST /api/wxChat?signature=f1c88d8c43032e055ffdad8f8a4ce9099bdf4c89&timestamp=1767234292&nonce=1458393664&openid=o0Hm96MBcSPPxXWnm8l3V5qxC2Pw 200 318 - 7.380 ms "<xml><ToUserName><![CDATA[gh_c351c9f92d4a]]></ToUserName>\n<FromUserName><![CDATA[o0Hm96MBcSPPxXWnm8l3V5qxC2Pw]]></FromUserName>\n<CreateTime>1767234292</CreateTime>\n<MsgType><![CDATA[text]]></MsgType>\n<Content><![CDATA[3]]></Content>\n<MsgId>25300709288667319</MsgId>\n</xml>" 
2026-01-01 10:25:26 [info] POST /api/wxChat?signature=cef27b7691215551a9402ed3bba857b92ae8b08d&timestamp=1767234326&nonce=482517038&openid=o0Hm96MBcSPPxXWnm8l3V5qxC2Pw 200 318 - 8.170 ms "<xml><ToUserName><![CDATA[gh_c351c9f92d4a]]></ToUserName>\n<FromUserName><![CDATA[o0Hm96MBcSPPxXWnm8l3V5qxC2Pw]]></FromUserName>\n<CreateTime>1767234325</CreateTime>\n<MsgType><![CDATA[text]]></MsgType>\n<Content><![CDATA[11]]></Content>\n<MsgId>25300713269905399</MsgId>\n</xml>" 
2026-01-01 10:26:28 [info] POST /api/wxChat?signature=fe578f889cf17e2fbbad00bff7468edfb0db7f7e&timestamp=1767234388&nonce=711751239&openid=o0Hm96MBcSPPxXWnm8l3V5qxC2Pw 200 319 - 8.145 ms "<xml><ToUserName><![CDATA[gh_c351c9f92d4a]]></ToUserName>\n<FromUserName><![CDATA[o0Hm96MBcSPPxXWnm8l3V5qxC2Pw]]></FromUserName>\n<CreateTime>1767234387</CreateTime>\n<MsgType><![CDATA[text]]></MsgType>\n<Content><![CDATA[34]]></Content>\n<MsgId>25300711864343184</MsgId>\n</xml>" 
2026-01-01 10:37:40 [info] Root endpoint accessed 
2026-01-01 10:37:40 [warn] This is a warning message 
2026-01-01 10:37:40 [error] This is an error message 
2026-01-01 10:37:40 [info] GET / 200 13 - 7.073 ms {} 
2026-01-01 10:37:41 [info] Root endpoint accessed 
2026-01-01 10:37:41 [warn] This is a warning message 
2026-01-01 10:37:41 [error] This is an error message 
2026-01-01 10:37:41 [info] GET / 200 13 - 2.376 ms {} 
2026-01-01 10:49:33 [info] Root endpoint accessed 
2026-01-01 10:49:33 [warn] This is a warning message 
2026-01-01 10:49:33 [error] This is an error message 
2026-01-01 10:49:33 [info] GET http://azenv.net/ 200 13 - 13.905 ms {} 
2026-01-01 10:57:57 [info] POST /api/wxChat?signature=6ed321bce75d2d927ee1d46c087e99e08a3e36b7&timestamp=1767236277&nonce=834637887&openid=o0Hm96MBcSPPxXWnm8l3V5qxC2Pw 200 318 - 6.193 ms "<xml><ToUserName><![CDATA[gh_c351c9f92d4a]]></ToUserName>\n<FromUserName><![CDATA[o0Hm96MBcSPPxXWnm8l3V5qxC2Pw]]></FromUserName>\n<CreateTime>1767236276</CreateTime>\n<MsgType><![CDATA[text]]></MsgType>\n<Content><![CDATA[j]]></Content>\n<MsgId>25300740435723720</MsgId>\n</xml>" 
2026-01-01 11:55:09 [info] [Redis] connecting... 
2026-01-01 11:55:09 [info] [Redis] ready 
2026-01-01 11:56:04 [info] [Redis] connecting... 
2026-01-01 11:56:04 [info] [Redis] ready 
